2025-08-26T04:10:48.407Z  INFO 1 --- [account_service] [main] v.d.a.AccountServiceApplication          : Starting AccountServiceApplication v0.0.1-SNAPSHOT using Java 17.0.2 with PID 1 (/app/account_service-0.0.1-SNAPSHOT.jar started by root in /app)
2025-08-26T04:10:49.212Z  INFO 1 --- [account_service] [main] v.d.a.AccountServiceApplication          : No active profile set, falling back to 1 default profile: "default"
2025-08-26T04:10:56.435Z  INFO 1 --- [account_service] [main] o.s.c.c.c.ConfigServerConfigDataLoader   : Fetching config from server at : http://config-service:8763
2025-08-26T04:10:56.526Z  INFO 1 --- [account_service] [main] o.s.c.c.c.ConfigServerConfigDataLoader   : Exception on Url - http://config-service:8763:org.springframework.web.client.ResourceAccessException: I/O error on GET request for "http://config-service:8763/account_service/default": Connection refused. Will be trying the next url if available
2025-08-26T04:10:56.555Z  WARN 1 --- [account_service] [main] o.s.c.c.c.ConfigServerConfigDataLoader   : Could not locate PropertySource ([ConfigServerConfigDataResource@f5c79a6 uris = array<String>['http://config-service:8763'], optional = true, profiles = 'default']): I/O error on GET request for "http://config-service:8763/account_service/default": Connection refused
2025-08-26T04:10:56.774Z  INFO 1 --- [account_service] [main] o.s.c.c.c.ConfigServerConfigDataLoader   : Fetching config from server at : http://config-service:8763
2025-08-26T04:10:57.080Z  INFO 1 --- [account_service] [main] o.s.c.c.c.ConfigServerConfigDataLoader   : Exception on Url - http://config-service:8763:org.springframework.web.client.ResourceAccessException: I/O error on GET request for "http://config-service:8763/account_service/default": Connection refused. Will be trying the next url if available
2025-08-26T04:10:57.115Z  WARN 1 --- [account_service] [main] o.s.c.c.c.ConfigServerConfigDataLoader   : Could not locate PropertySource ([ConfigServerConfigDataResource@ecf9fb3 uris = array<String>['http://config-service:8763'], optional = true, profiles = 'default']): I/O error on GET request for "http://config-service:8763/account_service/default": Connection refused
2025-08-26T04:10:57.434Z  INFO 1 --- [account_service] [main] o.s.c.c.c.ConfigServerConfigDataLoader   : Fetching config from server at : http://config-service:8763
2025-08-26T04:10:57.595Z  INFO 1 --- [account_service] [main] o.s.c.c.c.ConfigServerConfigDataLoader   : Exception on Url - http://config-service:8763:org.springframework.web.client.ResourceAccessException: I/O error on GET request for "http://config-service:8763/account_service/default": Connection refused. Will be trying the next url if available
2025-08-26T04:10:57.737Z  WARN 1 --- [account_service] [main] o.s.c.c.c.ConfigServerConfigDataLoader   : Could not locate PropertySource ([ConfigServerConfigDataResource@2d35442b uris = array<String>['http://config-service:8763'], optional = true, profiles = 'default']): I/O error on GET request for "http://config-service:8763/account_service/default": Connection refused
2025-08-26T04:12:31.712Z  INFO 1 --- [account_service] [main] .s.d.r.c.RepositoryConfigurationDelegate : Bootstrapping Spring Data JPA repositories in DEFAULT mode.
2025-08-26T04:12:45.642Z  INFO 1 --- [account_service] [main] .s.d.r.c.RepositoryConfigurationDelegate : Finished Spring Data repository scanning in 11828 ms. Found 1 JPA repository interface.
2025-08-26T04:13:18.476Z  INFO 1 --- [account_service] [main] o.s.cloud.context.scope.GenericScope     : BeanFactory id=e61f87ba-00d8-33d8-8235-d33c1466ea4e
2025-08-26T04:14:15.647Z  INFO 1 --- [account_service] [main] o.s.b.w.embedded.tomcat.TomcatWebServer  : Tomcat initialized with port 8081 (http)
2025-08-26T04:14:17.263Z  INFO 1 --- [account_service] [main] o.apache.catalina.core.StandardService   : Starting service [Tomcat]
2025-08-26T04:14:17.298Z  INFO 1 --- [account_service] [main] o.apache.catalina.core.StandardEngine    : Starting Servlet engine: [Apache Tomcat/10.1.43]
2025-08-26T04:14:21.190Z  INFO 1 --- [account_service] [main] o.a.c.c.C.[Tomcat].[localhost].[/]       : Initializing Spring embedded WebApplicationContext
2025-08-26T04:14:21.356Z  INFO 1 --- [account_service] [main] w.s.c.ServletWebServerApplicationContext : Root WebApplicationContext: initialization completed in 203273 ms
2025-08-26T04:15:12.745Z  INFO 1 --- [account_service] [main] com.zaxxer.hikari.HikariDataSource       : HikariPool-1 - Starting...
2025-08-26T04:15:39.835Z  INFO 1 --- [account_service] [main] com.zaxxer.hikari.pool.HikariPool        : HikariPool-1 - Added connection com.mysql.cj.jdbc.ConnectionImpl@1d0b447b
2025-08-26T04:15:40.321Z  INFO 1 --- [account_service] [main] com.zaxxer.hikari.HikariDataSource       : HikariPool-1 - Start completed.
2025-08-26T04:15:45.692Z  INFO 1 --- [account_service] [main] o.hibernate.jpa.internal.util.LogHelper  : HHH000204: Processing PersistenceUnitInfo [name: default]
2025-08-26T04:15:55.172Z  INFO 1 --- [account_service] [main] org.hibernate.Version                    : HHH000412: Hibernate ORM core version 6.6.22.Final
2025-08-26T04:16:00.943Z  INFO 1 --- [account_service] [main] o.h.c.internal.RegionFactoryInitiator    : HHH000026: Second-level cache disabled
2025-08-26T04:16:49.138Z  INFO 1 --- [account_service] [main] o.s.o.j.p.SpringPersistenceUnitInfo      : No LoadTimeWeaver setup: ignoring JPA class transformer
2025-08-26T04:16:58.501Z  INFO 1 --- [account_service] [main] org.hibernate.orm.connections.pooling    : HHH10001005: Database info:
	Database JDBC URL [Connecting through datasource 'HikariDataSource (HikariPool-1)']
	Database driver: undefined/unknown
	Database version: 8.0.30
	Autocommit mode: undefined/unknown
	Isolation level: undefined/unknown
	Minimum pool size: undefined/unknown
	Maximum pool size: undefined/unknown
2025-08-26T04:18:02.376Z  INFO 1 --- [account_service] [main] o.h.e.t.j.p.i.JtaPlatformInitiator       : HHH000489: No JTA platform available (set 'hibernate.transaction.jta.platform' to enable JTA platform integration)
2025-08-26T04:18:02.482Z  INFO 1 --- [account_service] [main] j.LocalContainerEntityManagerFactoryBean : Initialized JPA EntityManagerFactory for persistence unit 'default'
2025-08-26T04:18:28.406Z  WARN 1 --- [account_service] [main] ConfigServletWebServerApplicationContext : Exception encountered during context initialization - cancelling refresh attempt: org.springframework.beans.factory.BeanCreationException: Error creating bean with name 'accountController': Injection of autowired dependencies failed
2025-08-26T04:18:28.440Z  INFO 1 --- [account_service] [main] j.LocalContainerEntityManagerFactoryBean : Closing JPA EntityManagerFactory for persistence unit 'default'
2025-08-26T04:18:29.248Z  INFO 1 --- [account_service] [main] com.zaxxer.hikari.HikariDataSource       : HikariPool-1 - Shutdown initiated...
2025-08-26T04:18:31.396Z  INFO 1 --- [account_service] [main] com.zaxxer.hikari.HikariDataSource       : HikariPool-1 - Shutdown completed.
2025-08-26T04:18:31.629Z  INFO 1 --- [account_service] [main] o.apache.catalina.core.StandardService   : Stopping service [Tomcat]
2025-08-26T04:18:34.805Z  INFO 1 --- [account_service] [main] .s.b.a.l.ConditionEvaluationReportLogger : 

Error starting ApplicationContext. To display the condition evaluation report re-run your application with 'debug' enabled.
2025-08-26T04:18:37.045Z ERROR 1 --- [account_service] [main] o.s.boot.SpringApplication               : Application run failed

org.springframework.beans.factory.BeanCreationException: Error creating bean with name 'accountController': Injection of autowired dependencies failed
	at org.springframework.beans.factory.annotation.AutowiredAnnotationBeanPostProcessor.postProcessProperties(AutowiredAnnotationBeanPostProcessor.java:515) ~[spring-beans-6.2.9.jar!/:6.2.9]
	at org.springframework.beans.factory.support.AbstractAutowireCapableBeanFactory.populateBean(AbstractAutowireCapableBeanFactory.java:1459) ~[spring-beans-6.2.9.jar!/:6.2.9]
	at org.springframework.beans.factory.support.AbstractAutowireCapableBeanFactory.doCreateBean(AbstractAutowireCapableBeanFactory.java:606) ~[spring-beans-6.2.9.jar!/:6.2.9]
	at org.springframework.beans.factory.support.AbstractAutowireCapableBeanFactory.createBean(AbstractAutowireCapableBeanFactory.java:529) ~[spring-beans-6.2.9.jar!/:6.2.9]
	at org.springframework.beans.factory.support.AbstractBeanFactory.lambda$doGetBean$0(AbstractBeanFactory.java:339) ~[spring-beans-6.2.9.jar!/:6.2.9]
	at org.springframework.beans.factory.support.DefaultSingletonBeanRegistry.getSingleton(DefaultSingletonBeanRegistry.java:373) ~[spring-beans-6.2.9.jar!/:6.2.9]
	at org.springframework.beans.factory.support.AbstractBeanFactory.doGetBean(AbstractBeanFactory.java:337) ~[spring-beans-6.2.9.jar!/:6.2.9]
	at org.springframework.beans.factory.support.AbstractBeanFactory.getBean(AbstractBeanFactory.java:202) ~[spring-beans-6.2.9.jar!/:6.2.9]
	at org.springframework.beans.factory.support.DefaultListableBeanFactory.instantiateSingleton(DefaultListableBeanFactory.java:1222) ~[spring-beans-6.2.9.jar!/:6.2.9]
	at org.springframework.beans.factory.support.DefaultListableBeanFactory.preInstantiateSingleton(DefaultListableBeanFactory.java:1188) ~[spring-beans-6.2.9.jar!/:6.2.9]
	at org.springframework.beans.factory.support.DefaultListableBeanFactory.preInstantiateSingletons(DefaultListableBeanFactory.java:1123) ~[spring-beans-6.2.9.jar!/:6.2.9]
	at org.springframework.context.support.AbstractApplicationContext.finishBeanFactoryInitialization(AbstractApplicationContext.java:987) ~[spring-context-6.2.9.jar!/:6.2.9]
	at org.springframework.context.support.AbstractApplicationContext.refresh(AbstractApplicationContext.java:627) ~[spring-context-6.2.9.jar!/:6.2.9]
	at org.springframework.boot.web.servlet.context.ServletWebServerApplicationContext.refresh(ServletWebServerApplicationContext.java:146) ~[spring-boot-3.5.4.jar!/:3.5.4]
	at org.springframework.boot.SpringApplication.refresh(SpringApplication.java:752) ~[spring-boot-3.5.4.jar!/:3.5.4]
	at org.springframework.boot.SpringApplication.refreshContext(SpringApplication.java:439) ~[spring-boot-3.5.4.jar!/:3.5.4]
	at org.springframework.boot.SpringApplication.run(SpringApplication.java:318) ~[spring-boot-3.5.4.jar!/:3.5.4]
	at org.springframework.boot.SpringApplication.run(SpringApplication.java:1361) ~[spring-boot-3.5.4.jar!/:3.5.4]
	at org.springframework.boot.SpringApplication.run(SpringApplication.java:1350) ~[spring-boot-3.5.4.jar!/:3.5.4]
	at vti.dtn.account_service.AccountServiceApplication.main(AccountServiceApplication.java:12) ~[!/:0.0.1-SNAPSHOT]
	at java.base/jdk.internal.reflect.NativeMethodAccessorImpl.invoke0(Native Method) ~[na:na]
	at java.base/jdk.internal.reflect.NativeMethodAccessorImpl.invoke(NativeMethodAccessorImpl.java:77) ~[na:na]
	at java.base/jdk.internal.reflect.DelegatingMethodAccessorImpl.invoke(DelegatingMethodAccessorImpl.java:43) ~[na:na]
	at java.base/java.lang.reflect.Method.invoke(Method.java:568) ~[na:na]
	at org.springframework.boot.loader.launch.Launcher.launch(Launcher.java:102) ~[account_service-0.0.1-SNAPSHOT.jar:0.0.1-SNAPSHOT]
	at org.springframework.boot.loader.launch.Launcher.launch(Launcher.java:64) ~[account_service-0.0.1-SNAPSHOT.jar:0.0.1-SNAPSHOT]
	at org.springframework.boot.loader.launch.JarLauncher.main(JarLauncher.java:40) ~[account_service-0.0.1-SNAPSHOT.jar:0.0.1-SNAPSHOT]
Caused by: org.springframework.util.PlaceholderResolutionException: Could not resolve placeholder 'greeting.text' in value "${greeting.text}"
	at org.springframework.util.PlaceholderResolutionException.withValue(PlaceholderResolutionException.java:81) ~[spring-core-6.2.9.jar!/:6.2.9]
	at org.springframework.util.PlaceholderParser$ParsedValue.resolve(PlaceholderParser.java:423) ~[spring-core-6.2.9.jar!/:6.2.9]
	at org.springframework.util.PlaceholderParser.replacePlaceholders(PlaceholderParser.java:128) ~[spring-core-6.2.9.jar!/:6.2.9]
	at org.springframework.util.PropertyPlaceholderHelper.parseStringValue(PropertyPlaceholderHelper.java:118) ~[spring-core-6.2.9.jar!/:6.2.9]
	at org.springframework.util.PropertyPlaceholderHelper.replacePlaceholders(PropertyPlaceholderHelper.java:114) ~[spring-core-6.2.9.jar!/:6.2.9]
	at org.springframework.core.env.AbstractPropertyResolver.doResolvePlaceholders(AbstractPropertyResolver.java:293) ~[spring-core-6.2.9.jar!/:6.2.9]
	at org.springframework.core.env.AbstractPropertyResolver.resolveRequiredPlaceholders(AbstractPropertyResolver.java:264) ~[spring-core-6.2.9.jar!/:6.2.9]
	at org.springframework.context.support.PropertySourcesPlaceholderConfigurer.lambda$processProperties$0(PropertySourcesPlaceholderConfigurer.java:186) ~[spring-context-6.2.9.jar!/:6.2.9]
	at org.springframework.beans.factory.support.AbstractBeanFactory.resolveEmbeddedValue(AbstractBeanFactory.java:971) ~[spring-beans-6.2.9.jar!/:6.2.9]
	at org.springframework.beans.factory.support.DefaultListableBeanFactory.doResolveDependency(DefaultListableBeanFactory.java:1650) ~[spring-beans-6.2.9.jar!/:6.2.9]
	at org.springframework.beans.factory.support.DefaultListableBeanFactory.resolveDependency(DefaultListableBeanFactory.java:1628) ~[spring-beans-6.2.9.jar!/:6.2.9]
	at org.springframework.beans.factory.annotation.AutowiredAnnotationBeanPostProcessor$AutowiredFieldElement.resolveFieldValue(AutowiredAnnotationBeanPostProcessor.java:785) ~[spring-beans-6.2.9.jar!/:6.2.9]
	at org.springframework.beans.factory.annotation.AutowiredAnnotationBeanPostProcessor$AutowiredFieldElement.inject(AutowiredAnnotationBeanPostProcessor.java:768) ~[spring-beans-6.2.9.jar!/:6.2.9]
	at org.springframework.beans.factory.annotation.InjectionMetadata.inject(InjectionMetadata.java:146) ~[spring-beans-6.2.9.jar!/:6.2.9]
	at org.springframework.beans.factory.annotation.AutowiredAnnotationBeanPostProcessor.postProcessProperties(AutowiredAnnotationBeanPostProcessor.java:509) ~[spring-beans-6.2.9.jar!/:6.2.9]
	... 26 common frames omitted

2025-08-26T04:27:01.482Z  INFO 1 --- [account_service] [main] v.d.a.AccountServiceApplication          : Starting AccountServiceApplication v0.0.1-SNAPSHOT using Java 17.0.2 with PID 1 (/app/account_service-0.0.1-SNAPSHOT.jar started by root in /app)
2025-08-26T04:27:01.686Z  INFO 1 --- [account_service] [main] v.d.a.AccountServiceApplication          : No active profile set, falling back to 1 default profile: "default"
2025-08-26T04:27:03.598Z  INFO 1 --- [account_service] [main] o.s.c.c.c.ConfigServerConfigDataLoader   : Fetching config from server at : http://config-service:8763
2025-08-26T04:27:03.642Z  INFO 1 --- [account_service] [main] o.s.c.c.c.ConfigServerConfigDataLoader   : Exception on Url - http://config-service:8763:org.springframework.web.client.ResourceAccessException: I/O error on GET request for "http://config-service:8763/account_service/default": Connection refused. Will be trying the next url if available
2025-08-26T04:27:03.659Z  WARN 1 --- [account_service] [main] o.s.c.c.c.ConfigServerConfigDataLoader   : Could not locate PropertySource ([ConfigServerConfigDataResource@f5c79a6 uris = array<String>['http://config-service:8763'], optional = true, profiles = 'default']): I/O error on GET request for "http://config-service:8763/account_service/default": Connection refused
2025-08-26T04:27:03.694Z  INFO 1 --- [account_service] [main] o.s.c.c.c.ConfigServerConfigDataLoader   : Fetching config from server at : http://config-service:8763
2025-08-26T04:27:03.704Z  INFO 1 --- [account_service] [main] o.s.c.c.c.ConfigServerConfigDataLoader   : Exception on Url - http://config-service:8763:org.springframework.web.client.ResourceAccessException: I/O error on GET request for "http://config-service:8763/account_service/default": Connection refused. Will be trying the next url if available
2025-08-26T04:27:03.714Z  WARN 1 --- [account_service] [main] o.s.c.c.c.ConfigServerConfigDataLoader   : Could not locate PropertySource ([ConfigServerConfigDataResource@ecf9fb3 uris = array<String>['http://config-service:8763'], optional = true, profiles = 'default']): I/O error on GET request for "http://config-service:8763/account_service/default": Connection refused
2025-08-26T04:27:03.726Z  INFO 1 --- [account_service] [main] o.s.c.c.c.ConfigServerConfigDataLoader   : Fetching config from server at : http://config-service:8763
2025-08-26T04:27:03.754Z  INFO 1 --- [account_service] [main] o.s.c.c.c.ConfigServerConfigDataLoader   : Exception on Url - http://config-service:8763:org.springframework.web.client.ResourceAccessException: I/O error on GET request for "http://config-service:8763/account_service/default": Connection refused. Will be trying the next url if available
2025-08-26T04:27:03.768Z  WARN 1 --- [account_service] [main] o.s.c.c.c.ConfigServerConfigDataLoader   : Could not locate PropertySource ([ConfigServerConfigDataResource@2d35442b uris = array<String>['http://config-service:8763'], optional = true, profiles = 'default']): I/O error on GET request for "http://config-service:8763/account_service/default": Connection refused
2025-08-26T04:27:46.886Z  INFO 1 --- [account_service] [main] .s.d.r.c.RepositoryConfigurationDelegate : Bootstrapping Spring Data JPA repositories in DEFAULT mode.
2025-08-26T04:28:03.189Z  INFO 1 --- [account_service] [main] .s.d.r.c.RepositoryConfigurationDelegate : Finished Spring Data repository scanning in 12496 ms. Found 1 JPA repository interface.
2025-08-26T04:28:11.192Z  INFO 1 --- [account_service] [main] o.s.cloud.context.scope.GenericScope     : BeanFactory id=e61f87ba-00d8-33d8-8235-d33c1466ea4e
2025-08-26T04:28:34.002Z  INFO 1 --- [account_service] [main] o.s.b.w.embedded.tomcat.TomcatWebServer  : Tomcat initialized with port 8081 (http)
2025-08-26T04:28:35.778Z  INFO 1 --- [account_service] [main] o.apache.catalina.core.StandardService   : Starting service [Tomcat]
2025-08-26T04:28:35.867Z  INFO 1 --- [account_service] [main] o.apache.catalina.core.StandardEngine    : Starting Servlet engine: [Apache Tomcat/10.1.43]
2025-08-26T04:28:40.464Z  INFO 1 --- [account_service] [main] o.a.c.c.C.[Tomcat].[localhost].[/]       : Initializing Spring embedded WebApplicationContext
2025-08-26T04:28:40.534Z  INFO 1 --- [account_service] [main] w.s.c.ServletWebServerApplicationContext : Root WebApplicationContext: initialization completed in 96693 ms
2025-08-26T04:29:47.327Z  INFO 1 --- [account_service] [main] com.zaxxer.hikari.HikariDataSource       : HikariPool-1 - Starting...
2025-08-26T04:30:21.189Z  INFO 1 --- [account_service] [main] com.zaxxer.hikari.pool.HikariPool        : HikariPool-1 - Added connection com.mysql.cj.jdbc.ConnectionImpl@178dc733
2025-08-26T04:30:21.769Z  INFO 1 --- [account_service] [main] com.zaxxer.hikari.HikariDataSource       : HikariPool-1 - Start completed.
2025-08-26T04:30:30.946Z  INFO 1 --- [account_service] [main] o.hibernate.jpa.internal.util.LogHelper  : HHH000204: Processing PersistenceUnitInfo [name: default]
2025-08-26T04:30:47.662Z  INFO 1 --- [account_service] [main] org.hibernate.Version                    : HHH000412: Hibernate ORM core version 6.6.22.Final
2025-08-26T04:30:53.695Z  INFO 1 --- [account_service] [main] o.h.c.internal.RegionFactoryInitiator    : HHH000026: Second-level cache disabled
2025-08-26T04:31:34.547Z  INFO 1 --- [account_service] [main] o.s.o.j.p.SpringPersistenceUnitInfo      : No LoadTimeWeaver setup: ignoring JPA class transformer
2025-08-26T04:31:50.983Z  INFO 1 --- [account_service] [main] org.hibernate.orm.connections.pooling    : HHH10001005: Database info:
	Database JDBC URL [Connecting through datasource 'HikariDataSource (HikariPool-1)']
	Database driver: undefined/unknown
	Database version: 8.0.30
	Autocommit mode: undefined/unknown
	Isolation level: undefined/unknown
	Minimum pool size: undefined/unknown
	Maximum pool size: undefined/unknown
2025-08-26T04:33:01.458Z  INFO 1 --- [account_service] [main] o.h.e.t.j.p.i.JtaPlatformInitiator       : HHH000489: No JTA platform available (set 'hibernate.transaction.jta.platform' to enable JTA platform integration)
2025-08-26T04:33:01.644Z  INFO 1 --- [account_service] [main] j.LocalContainerEntityManagerFactoryBean : Initialized JPA EntityManagerFactory for persistence unit 'default'
2025-08-26T04:33:20.739Z  WARN 1 --- [account_service] [main] ConfigServletWebServerApplicationContext : Exception encountered during context initialization - cancelling refresh attempt: org.springframework.beans.factory.BeanCreationException: Error creating bean with name 'accountController': Injection of autowired dependencies failed
2025-08-26T04:33:20.898Z  INFO 1 --- [account_service] [main] j.LocalContainerEntityManagerFactoryBean : Closing JPA EntityManagerFactory for persistence unit 'default'
2025-08-26T04:33:21.621Z  INFO 1 --- [account_service] [main] com.zaxxer.hikari.HikariDataSource       : HikariPool-1 - Shutdown initiated...
2025-08-26T04:33:23.504Z  INFO 1 --- [account_service] [main] com.zaxxer.hikari.HikariDataSource       : HikariPool-1 - Shutdown completed.
2025-08-26T04:33:23.768Z  INFO 1 --- [account_service] [main] o.apache.catalina.core.StandardService   : Stopping service [Tomcat]
2025-08-26T04:33:29.618Z  INFO 1 --- [account_service] [main] .s.b.a.l.ConditionEvaluationReportLogger : 

Error starting ApplicationContext. To display the condition evaluation report re-run your application with 'debug' enabled.
2025-08-26T04:33:32.617Z ERROR 1 --- [account_service] [main] o.s.boot.SpringApplication               : Application run failed

org.springframework.beans.factory.BeanCreationException: Error creating bean with name 'accountController': Injection of autowired dependencies failed
	at org.springframework.beans.factory.annotation.AutowiredAnnotationBeanPostProcessor.postProcessProperties(AutowiredAnnotationBeanPostProcessor.java:515) ~[spring-beans-6.2.9.jar!/:6.2.9]
	at org.springframework.beans.factory.support.AbstractAutowireCapableBeanFactory.populateBean(AbstractAutowireCapableBeanFactory.java:1459) ~[spring-beans-6.2.9.jar!/:6.2.9]
	at org.springframework.beans.factory.support.AbstractAutowireCapableBeanFactory.doCreateBean(AbstractAutowireCapableBeanFactory.java:606) ~[spring-beans-6.2.9.jar!/:6.2.9]
	at org.springframework.beans.factory.support.AbstractAutowireCapableBeanFactory.createBean(AbstractAutowireCapableBeanFactory.java:529) ~[spring-beans-6.2.9.jar!/:6.2.9]
	at org.springframework.beans.factory.support.AbstractBeanFactory.lambda$doGetBean$0(AbstractBeanFactory.java:339) ~[spring-beans-6.2.9.jar!/:6.2.9]
	at org.springframework.beans.factory.support.DefaultSingletonBeanRegistry.getSingleton(DefaultSingletonBeanRegistry.java:373) ~[spring-beans-6.2.9.jar!/:6.2.9]
	at org.springframework.beans.factory.support.AbstractBeanFactory.doGetBean(AbstractBeanFactory.java:337) ~[spring-beans-6.2.9.jar!/:6.2.9]
	at org.springframework.beans.factory.support.AbstractBeanFactory.getBean(AbstractBeanFactory.java:202) ~[spring-beans-6.2.9.jar!/:6.2.9]
	at org.springframework.beans.factory.support.DefaultListableBeanFactory.instantiateSingleton(DefaultListableBeanFactory.java:1222) ~[spring-beans-6.2.9.jar!/:6.2.9]
	at org.springframework.beans.factory.support.DefaultListableBeanFactory.preInstantiateSingleton(DefaultListableBeanFactory.java:1188) ~[spring-beans-6.2.9.jar!/:6.2.9]
	at org.springframework.beans.factory.support.DefaultListableBeanFactory.preInstantiateSingletons(DefaultListableBeanFactory.java:1123) ~[spring-beans-6.2.9.jar!/:6.2.9]
	at org.springframework.context.support.AbstractApplicationContext.finishBeanFactoryInitialization(AbstractApplicationContext.java:987) ~[spring-context-6.2.9.jar!/:6.2.9]
	at org.springframework.context.support.AbstractApplicationContext.refresh(AbstractApplicationContext.java:627) ~[spring-context-6.2.9.jar!/:6.2.9]
	at org.springframework.boot.web.servlet.context.ServletWebServerApplicationContext.refresh(ServletWebServerApplicationContext.java:146) ~[spring-boot-3.5.4.jar!/:3.5.4]
	at org.springframework.boot.SpringApplication.refresh(SpringApplication.java:752) ~[spring-boot-3.5.4.jar!/:3.5.4]
	at org.springframework.boot.SpringApplication.refreshContext(SpringApplication.java:439) ~[spring-boot-3.5.4.jar!/:3.5.4]
	at org.springframework.boot.SpringApplication.run(SpringApplication.java:318) ~[spring-boot-3.5.4.jar!/:3.5.4]
	at org.springframework.boot.SpringApplication.run(SpringApplication.java:1361) ~[spring-boot-3.5.4.jar!/:3.5.4]
	at org.springframework.boot.SpringApplication.run(SpringApplication.java:1350) ~[spring-boot-3.5.4.jar!/:3.5.4]
	at vti.dtn.account_service.AccountServiceApplication.main(AccountServiceApplication.java:12) ~[!/:0.0.1-SNAPSHOT]
	at java.base/jdk.internal.reflect.NativeMethodAccessorImpl.invoke0(Native Method) ~[na:na]
	at java.base/jdk.internal.reflect.NativeMethodAccessorImpl.invoke(NativeMethodAccessorImpl.java:77) ~[na:na]
	at java.base/jdk.internal.reflect.DelegatingMethodAccessorImpl.invoke(DelegatingMethodAccessorImpl.java:43) ~[na:na]
	at java.base/java.lang.reflect.Method.invoke(Method.java:568) ~[na:na]
	at org.springframework.boot.loader.launch.Launcher.launch(Launcher.java:102) ~[account_service-0.0.1-SNAPSHOT.jar:0.0.1-SNAPSHOT]
	at org.springframework.boot.loader.launch.Launcher.launch(Launcher.java:64) ~[account_service-0.0.1-SNAPSHOT.jar:0.0.1-SNAPSHOT]
	at org.springframework.boot.loader.launch.JarLauncher.main(JarLauncher.java:40) ~[account_service-0.0.1-SNAPSHOT.jar:0.0.1-SNAPSHOT]
Caused by: org.springframework.util.PlaceholderResolutionException: Could not resolve placeholder 'greeting.text' in value "${greeting.text}"
	at org.springframework.util.PlaceholderResolutionException.withValue(PlaceholderResolutionException.java:81) ~[spring-core-6.2.9.jar!/:6.2.9]
	at org.springframework.util.PlaceholderParser$ParsedValue.resolve(PlaceholderParser.java:423) ~[spring-core-6.2.9.jar!/:6.2.9]
	at org.springframework.util.PlaceholderParser.replacePlaceholders(PlaceholderParser.java:128) ~[spring-core-6.2.9.jar!/:6.2.9]
	at org.springframework.util.PropertyPlaceholderHelper.parseStringValue(PropertyPlaceholderHelper.java:118) ~[spring-core-6.2.9.jar!/:6.2.9]
	at org.springframework.util.PropertyPlaceholderHelper.replacePlaceholders(PropertyPlaceholderHelper.java:114) ~[spring-core-6.2.9.jar!/:6.2.9]
	at org.springframework.core.env.AbstractPropertyResolver.doResolvePlaceholders(AbstractPropertyResolver.java:293) ~[spring-core-6.2.9.jar!/:6.2.9]
	at org.springframework.core.env.AbstractPropertyResolver.resolveRequiredPlaceholders(AbstractPropertyResolver.java:264) ~[spring-core-6.2.9.jar!/:6.2.9]
	at org.springframework.context.support.PropertySourcesPlaceholderConfigurer.lambda$processProperties$0(PropertySourcesPlaceholderConfigurer.java:186) ~[spring-context-6.2.9.jar!/:6.2.9]
	at org.springframework.beans.factory.support.AbstractBeanFactory.resolveEmbeddedValue(AbstractBeanFactory.java:971) ~[spring-beans-6.2.9.jar!/:6.2.9]
	at org.springframework.beans.factory.support.DefaultListableBeanFactory.doResolveDependency(DefaultListableBeanFactory.java:1650) ~[spring-beans-6.2.9.jar!/:6.2.9]
	at org.springframework.beans.factory.support.DefaultListableBeanFactory.resolveDependency(DefaultListableBeanFactory.java:1628) ~[spring-beans-6.2.9.jar!/:6.2.9]
	at org.springframework.beans.factory.annotation.AutowiredAnnotationBeanPostProcessor$AutowiredFieldElement.resolveFieldValue(AutowiredAnnotationBeanPostProcessor.java:785) ~[spring-beans-6.2.9.jar!/:6.2.9]
	at org.springframework.beans.factory.annotation.AutowiredAnnotationBeanPostProcessor$AutowiredFieldElement.inject(AutowiredAnnotationBeanPostProcessor.java:768) ~[spring-beans-6.2.9.jar!/:6.2.9]
	at org.springframework.beans.factory.annotation.InjectionMetadata.inject(InjectionMetadata.java:146) ~[spring-beans-6.2.9.jar!/:6.2.9]
	at org.springframework.beans.factory.annotation.AutowiredAnnotationBeanPostProcessor.postProcessProperties(AutowiredAnnotationBeanPostProcessor.java:509) ~[spring-beans-6.2.9.jar!/:6.2.9]
	... 26 common frames omitted

2025-08-26T04:41:05.204Z  INFO 1 --- [account_service] [main] v.d.a.AccountServiceApplication          : Starting AccountServiceApplication v0.0.1-SNAPSHOT using Java 17.0.2 with PID 1 (/app/account_service-0.0.1-SNAPSHOT.jar started by root in /app)
2025-08-26T04:41:05.353Z  INFO 1 --- [account_service] [main] v.d.a.AccountServiceApplication          : No active profile set, falling back to 1 default profile: "default"
2025-08-26T04:41:08.415Z  INFO 1 --- [account_service] [main] o.s.c.c.c.ConfigServerConfigDataLoader   : Fetching config from server at : http://config-service:8763
2025-08-26T04:41:08.449Z  INFO 1 --- [account_service] [main] o.s.c.c.c.ConfigServerConfigDataLoader   : Located environment: name=account_service, profiles=[default], label=null, version=04fc12f09e9203b10853c032d11550e62fa807e8, state=
2025-08-26T04:42:28.008Z  INFO 1 --- [account_service] [main] .s.d.r.c.RepositoryConfigurationDelegate : Bootstrapping Spring Data JPA repositories in DEFAULT mode.
2025-08-26T04:42:38.817Z  INFO 1 --- [account_service] [main] .s.d.r.c.RepositoryConfigurationDelegate : Finished Spring Data repository scanning in 10020 ms. Found 1 JPA repository interface.
2025-08-26T04:42:52.489Z  INFO 1 --- [account_service] [main] o.s.cloud.context.scope.GenericScope     : BeanFactory id=e61f87ba-00d8-33d8-8235-d33c1466ea4e
2025-08-26T06:12:41.882Z  INFO 1 --- [account_service] [main] v.d.a.AccountServiceApplication          : Starting AccountServiceApplication v0.0.1-SNAPSHOT using Java 17.0.2 with PID 1 (/app/account_service-0.0.1-SNAPSHOT.jar started by root in /app)
2025-08-26T06:12:41.974Z  INFO 1 --- [account_service] [main] v.d.a.AccountServiceApplication          : No active profile set, falling back to 1 default profile: "default"
2025-08-26T06:12:47.973Z  INFO 1 --- [account_service] [main] o.s.c.c.c.ConfigServerConfigDataLoader   : Fetching config from server at : http://config-service:8763
2025-08-26T06:12:48.016Z  INFO 1 --- [account_service] [main] o.s.c.c.c.ConfigServerConfigDataLoader   : Exception on Url - http://config-service:8763:org.springframework.web.client.ResourceAccessException: I/O error on GET request for "http://config-service:8763/account_service/default": Connection refused. Will be trying the next url if available
2025-08-26T06:12:48.031Z  WARN 1 --- [account_service] [main] o.s.c.c.c.ConfigServerConfigDataLoader   : Could not locate PropertySource ([ConfigServerConfigDataResource@f5c79a6 uris = array<String>['http://config-service:8763'], optional = true, profiles = 'default']): I/O error on GET request for "http://config-service:8763/account_service/default": Connection refused
2025-08-26T06:12:48.045Z  INFO 1 --- [account_service] [main] o.s.c.c.c.ConfigServerConfigDataLoader   : Fetching config from server at : http://config-service:8763
2025-08-26T06:12:48.052Z  INFO 1 --- [account_service] [main] o.s.c.c.c.ConfigServerConfigDataLoader   : Exception on Url - http://config-service:8763:org.springframework.web.client.ResourceAccessException: I/O error on GET request for "http://config-service:8763/account_service/default": Connection refused. Will be trying the next url if available
2025-08-26T06:12:48.069Z  WARN 1 --- [account_service] [main] o.s.c.c.c.ConfigServerConfigDataLoader   : Could not locate PropertySource ([ConfigServerConfigDataResource@ecf9fb3 uris = array<String>['http://config-service:8763'], optional = true, profiles = 'default']): I/O error on GET request for "http://config-service:8763/account_service/default": Connection refused
2025-08-26T06:12:48.080Z  INFO 1 --- [account_service] [main] o.s.c.c.c.ConfigServerConfigDataLoader   : Fetching config from server at : http://config-service:8763
2025-08-26T06:12:48.090Z  INFO 1 --- [account_service] [main] o.s.c.c.c.ConfigServerConfigDataLoader   : Exception on Url - http://config-service:8763:org.springframework.web.client.ResourceAccessException: I/O error on GET request for "http://config-service:8763/account_service/default": Connection refused. Will be trying the next url if available
2025-08-26T06:12:48.124Z  WARN 1 --- [account_service] [main] o.s.c.c.c.ConfigServerConfigDataLoader   : Could not locate PropertySource ([ConfigServerConfigDataResource@2d35442b uris = array<String>['http://config-service:8763'], optional = true, profiles = 'default']): I/O error on GET request for "http://config-service:8763/account_service/default": Connection refused
2025-08-26T06:14:03.634Z  INFO 1 --- [account_service] [main] .s.d.r.c.RepositoryConfigurationDelegate : Bootstrapping Spring Data JPA repositories in DEFAULT mode.
2025-08-26T06:14:18.307Z  INFO 1 --- [account_service] [main] .s.d.r.c.RepositoryConfigurationDelegate : Finished Spring Data repository scanning in 13641 ms. Found 1 JPA repository interface.
2025-08-26T06:14:49.648Z  INFO 1 --- [account_service] [main] o.s.cloud.context.scope.GenericScope     : BeanFactory id=e61f87ba-00d8-33d8-8235-d33c1466ea4e
2025-08-26T06:15:48.384Z  INFO 1 --- [account_service] [main] o.s.b.w.embedded.tomcat.TomcatWebServer  : Tomcat initialized with port 8081 (http)
2025-08-26T06:15:50.346Z  INFO 1 --- [account_service] [main] o.apache.catalina.core.StandardService   : Starting service [Tomcat]
2025-08-26T06:15:50.405Z  INFO 1 --- [account_service] [main] o.apache.catalina.core.StandardEngine    : Starting Servlet engine: [Apache Tomcat/10.1.43]
2025-08-26T06:15:55.901Z  INFO 1 --- [account_service] [main] o.a.c.c.C.[Tomcat].[localhost].[/]       : Initializing Spring embedded WebApplicationContext
2025-08-26T06:15:55.920Z  INFO 1 --- [account_service] [main] w.s.c.ServletWebServerApplicationContext : Root WebApplicationContext: initialization completed in 187634 ms
2025-08-26T06:16:54.417Z  INFO 1 --- [account_service] [main] com.zaxxer.hikari.HikariDataSource       : HikariPool-1 - Starting...
2025-08-26T06:17:26.279Z  INFO 1 --- [account_service] [main] com.zaxxer.hikari.pool.HikariPool        : HikariPool-1 - Added connection com.mysql.cj.jdbc.ConnectionImpl@41a8f0d8
2025-08-26T06:17:26.629Z  INFO 1 --- [account_service] [main] com.zaxxer.hikari.HikariDataSource       : HikariPool-1 - Start completed.
2025-08-26T06:17:36.563Z  INFO 1 --- [account_service] [main] o.hibernate.jpa.internal.util.LogHelper  : HHH000204: Processing PersistenceUnitInfo [name: default]
2025-08-26T06:17:46.538Z  INFO 1 --- [account_service] [main] org.hibernate.Version                    : HHH000412: Hibernate ORM core version 6.6.22.Final
2025-08-26T06:17:53.096Z  INFO 1 --- [account_service] [main] o.h.c.internal.RegionFactoryInitiator    : HHH000026: Second-level cache disabled
2025-08-26T06:18:46.271Z  INFO 1 --- [account_service] [main] o.s.o.j.p.SpringPersistenceUnitInfo      : No LoadTimeWeaver setup: ignoring JPA class transformer
2025-08-26T06:19:13.589Z  INFO 1 --- [account_service] [main] org.hibernate.orm.connections.pooling    : HHH10001005: Database info:
	Database JDBC URL [Connecting through datasource 'HikariDataSource (HikariPool-1)']
	Database driver: undefined/unknown
	Database version: 8.0.30
	Autocommit mode: undefined/unknown
	Isolation level: undefined/unknown
	Minimum pool size: undefined/unknown
	Maximum pool size: undefined/unknown
2025-08-26T06:20:31.682Z  INFO 1 --- [account_service] [main] o.h.e.t.j.p.i.JtaPlatformInitiator       : HHH000489: No JTA platform available (set 'hibernate.transaction.jta.platform' to enable JTA platform integration)
2025-08-26T06:20:31.912Z  INFO 1 --- [account_service] [main] j.LocalContainerEntityManagerFactoryBean : Initialized JPA EntityManagerFactory for persistence unit 'default'
2025-08-26T06:21:01.266Z  WARN 1 --- [account_service] [main] ConfigServletWebServerApplicationContext : Exception encountered during context initialization - cancelling refresh attempt: org.springframework.beans.factory.BeanCreationException: Error creating bean with name 'accountController': Injection of autowired dependencies failed
2025-08-26T06:21:01.405Z  INFO 1 --- [account_service] [main] j.LocalContainerEntityManagerFactoryBean : Closing JPA EntityManagerFactory for persistence unit 'default'
2025-08-26T06:21:01.959Z  INFO 1 --- [account_service] [main] com.zaxxer.hikari.HikariDataSource       : HikariPool-1 - Shutdown initiated...
2025-08-26T06:21:03.191Z  INFO 1 --- [account_service] [main] com.zaxxer.hikari.HikariDataSource       : HikariPool-1 - Shutdown completed.
2025-08-26T06:21:03.604Z  INFO 1 --- [account_service] [main] o.apache.catalina.core.StandardService   : Stopping service [Tomcat]
2025-08-26T06:21:06.024Z  INFO 1 --- [account_service] [main] .s.b.a.l.ConditionEvaluationReportLogger : 

Error starting ApplicationContext. To display the condition evaluation report re-run your application with 'debug' enabled.
2025-08-26T06:21:07.492Z ERROR 1 --- [account_service] [main] o.s.boot.SpringApplication               : Application run failed

org.springframework.beans.factory.BeanCreationException: Error creating bean with name 'accountController': Injection of autowired dependencies failed
	at org.springframework.beans.factory.annotation.AutowiredAnnotationBeanPostProcessor.postProcessProperties(AutowiredAnnotationBeanPostProcessor.java:515) ~[spring-beans-6.2.9.jar!/:6.2.9]
	at org.springframework.beans.factory.support.AbstractAutowireCapableBeanFactory.populateBean(AbstractAutowireCapableBeanFactory.java:1459) ~[spring-beans-6.2.9.jar!/:6.2.9]
	at org.springframework.beans.factory.support.AbstractAutowireCapableBeanFactory.doCreateBean(AbstractAutowireCapableBeanFactory.java:606) ~[spring-beans-6.2.9.jar!/:6.2.9]
	at org.springframework.beans.factory.support.AbstractAutowireCapableBeanFactory.createBean(AbstractAutowireCapableBeanFactory.java:529) ~[spring-beans-6.2.9.jar!/:6.2.9]
	at org.springframework.beans.factory.support.AbstractBeanFactory.lambda$doGetBean$0(AbstractBeanFactory.java:339) ~[spring-beans-6.2.9.jar!/:6.2.9]
	at org.springframework.beans.factory.support.DefaultSingletonBeanRegistry.getSingleton(DefaultSingletonBeanRegistry.java:373) ~[spring-beans-6.2.9.jar!/:6.2.9]
	at org.springframework.beans.factory.support.AbstractBeanFactory.doGetBean(AbstractBeanFactory.java:337) ~[spring-beans-6.2.9.jar!/:6.2.9]
	at org.springframework.beans.factory.support.AbstractBeanFactory.getBean(AbstractBeanFactory.java:202) ~[spring-beans-6.2.9.jar!/:6.2.9]
	at org.springframework.beans.factory.support.DefaultListableBeanFactory.instantiateSingleton(DefaultListableBeanFactory.java:1222) ~[spring-beans-6.2.9.jar!/:6.2.9]
	at org.springframework.beans.factory.support.DefaultListableBeanFactory.preInstantiateSingleton(DefaultListableBeanFactory.java:1188) ~[spring-beans-6.2.9.jar!/:6.2.9]
	at org.springframework.beans.factory.support.DefaultListableBeanFactory.preInstantiateSingletons(DefaultListableBeanFactory.java:1123) ~[spring-beans-6.2.9.jar!/:6.2.9]
	at org.springframework.context.support.AbstractApplicationContext.finishBeanFactoryInitialization(AbstractApplicationContext.java:987) ~[spring-context-6.2.9.jar!/:6.2.9]
	at org.springframework.context.support.AbstractApplicationContext.refresh(AbstractApplicationContext.java:627) ~[spring-context-6.2.9.jar!/:6.2.9]
	at org.springframework.boot.web.servlet.context.ServletWebServerApplicationContext.refresh(ServletWebServerApplicationContext.java:146) ~[spring-boot-3.5.4.jar!/:3.5.4]
	at org.springframework.boot.SpringApplication.refresh(SpringApplication.java:752) ~[spring-boot-3.5.4.jar!/:3.5.4]
	at org.springframework.boot.SpringApplication.refreshContext(SpringApplication.java:439) ~[spring-boot-3.5.4.jar!/:3.5.4]
	at org.springframework.boot.SpringApplication.run(SpringApplication.java:318) ~[spring-boot-3.5.4.jar!/:3.5.4]
	at org.springframework.boot.SpringApplication.run(SpringApplication.java:1361) ~[spring-boot-3.5.4.jar!/:3.5.4]
	at org.springframework.boot.SpringApplication.run(SpringApplication.java:1350) ~[spring-boot-3.5.4.jar!/:3.5.4]
	at vti.dtn.account_service.AccountServiceApplication.main(AccountServiceApplication.java:12) ~[!/:0.0.1-SNAPSHOT]
	at java.base/jdk.internal.reflect.NativeMethodAccessorImpl.invoke0(Native Method) ~[na:na]
	at java.base/jdk.internal.reflect.NativeMethodAccessorImpl.invoke(NativeMethodAccessorImpl.java:77) ~[na:na]
	at java.base/jdk.internal.reflect.DelegatingMethodAccessorImpl.invoke(DelegatingMethodAccessorImpl.java:43) ~[na:na]
	at java.base/java.lang.reflect.Method.invoke(Method.java:568) ~[na:na]
	at org.springframework.boot.loader.launch.Launcher.launch(Launcher.java:102) ~[account_service-0.0.1-SNAPSHOT.jar:0.0.1-SNAPSHOT]
	at org.springframework.boot.loader.launch.Launcher.launch(Launcher.java:64) ~[account_service-0.0.1-SNAPSHOT.jar:0.0.1-SNAPSHOT]
	at org.springframework.boot.loader.launch.JarLauncher.main(JarLauncher.java:40) ~[account_service-0.0.1-SNAPSHOT.jar:0.0.1-SNAPSHOT]
Caused by: org.springframework.util.PlaceholderResolutionException: Could not resolve placeholder 'greeting.text' in value "${greeting.text}"
	at org.springframework.util.PlaceholderResolutionException.withValue(PlaceholderResolutionException.java:81) ~[spring-core-6.2.9.jar!/:6.2.9]
	at org.springframework.util.PlaceholderParser$ParsedValue.resolve(PlaceholderParser.java:423) ~[spring-core-6.2.9.jar!/:6.2.9]
	at org.springframework.util.PlaceholderParser.replacePlaceholders(PlaceholderParser.java:128) ~[spring-core-6.2.9.jar!/:6.2.9]
	at org.springframework.util.PropertyPlaceholderHelper.parseStringValue(PropertyPlaceholderHelper.java:118) ~[spring-core-6.2.9.jar!/:6.2.9]
	at org.springframework.util.PropertyPlaceholderHelper.replacePlaceholders(PropertyPlaceholderHelper.java:114) ~[spring-core-6.2.9.jar!/:6.2.9]
	at org.springframework.core.env.AbstractPropertyResolver.doResolvePlaceholders(AbstractPropertyResolver.java:293) ~[spring-core-6.2.9.jar!/:6.2.9]
	at org.springframework.core.env.AbstractPropertyResolver.resolveRequiredPlaceholders(AbstractPropertyResolver.java:264) ~[spring-core-6.2.9.jar!/:6.2.9]
	at org.springframework.context.support.PropertySourcesPlaceholderConfigurer.lambda$processProperties$0(PropertySourcesPlaceholderConfigurer.java:186) ~[spring-context-6.2.9.jar!/:6.2.9]
	at org.springframework.beans.factory.support.AbstractBeanFactory.resolveEmbeddedValue(AbstractBeanFactory.java:971) ~[spring-beans-6.2.9.jar!/:6.2.9]
	at org.springframework.beans.factory.support.DefaultListableBeanFactory.doResolveDependency(DefaultListableBeanFactory.java:1650) ~[spring-beans-6.2.9.jar!/:6.2.9]
	at org.springframework.beans.factory.support.DefaultListableBeanFactory.resolveDependency(DefaultListableBeanFactory.java:1628) ~[spring-beans-6.2.9.jar!/:6.2.9]
	at org.springframework.beans.factory.annotation.AutowiredAnnotationBeanPostProcessor$AutowiredFieldElement.resolveFieldValue(AutowiredAnnotationBeanPostProcessor.java:785) ~[spring-beans-6.2.9.jar!/:6.2.9]
	at org.springframework.beans.factory.annotation.AutowiredAnnotationBeanPostProcessor$AutowiredFieldElement.inject(AutowiredAnnotationBeanPostProcessor.java:768) ~[spring-beans-6.2.9.jar!/:6.2.9]
	at org.springframework.beans.factory.annotation.InjectionMetadata.inject(InjectionMetadata.java:146) ~[spring-beans-6.2.9.jar!/:6.2.9]
	at org.springframework.beans.factory.annotation.AutowiredAnnotationBeanPostProcessor.postProcessProperties(AutowiredAnnotationBeanPostProcessor.java:509) ~[spring-beans-6.2.9.jar!/:6.2.9]
	... 26 common frames omitted

2025-08-26T06:23:55.293Z  INFO 1 --- [account_service] [main] v.d.a.AccountServiceApplication          : Starting AccountServiceApplication v0.0.1-SNAPSHOT using Java 17.0.2 with PID 1 (/app/account_service-0.0.1-SNAPSHOT.jar started by root in /app)
2025-08-26T06:23:55.540Z  INFO 1 --- [account_service] [main] v.d.a.AccountServiceApplication          : No active profile set, falling back to 1 default profile: "default"
2025-08-26T06:23:57.334Z  INFO 1 --- [account_service] [main] o.s.c.c.c.ConfigServerConfigDataLoader   : Fetching config from server at : http://config-service:8763
2025-08-26T06:23:57.393Z  INFO 1 --- [account_service] [main] o.s.c.c.c.ConfigServerConfigDataLoader   : Located environment: name=account_service, profiles=[default], label=null, version=04fc12f09e9203b10853c032d11550e62fa807e8, state=
2025-08-26T06:24:39.477Z  INFO 1 --- [account_service] [main] .s.d.r.c.RepositoryConfigurationDelegate : Bootstrapping Spring Data JPA repositories in DEFAULT mode.
2025-08-26T06:24:50.733Z  INFO 1 --- [account_service] [main] .s.d.r.c.RepositoryConfigurationDelegate : Finished Spring Data repository scanning in 7948 ms. Found 1 JPA repository interface.
2025-08-26T06:24:59.091Z  INFO 1 --- [account_service] [main] o.s.cloud.context.scope.GenericScope     : BeanFactory id=e61f87ba-00d8-33d8-8235-d33c1466ea4e
2025-08-26T06:25:10.675Z  INFO 1 --- [account_service] [main] o.s.b.w.embedded.tomcat.TomcatWebServer  : Tomcat initialized with port 8081 (http)
2025-08-26T06:25:11.195Z  INFO 1 --- [account_service] [main] o.apache.catalina.core.StandardService   : Starting service [Tomcat]
2025-08-26T06:25:11.226Z  INFO 1 --- [account_service] [main] o.apache.catalina.core.StandardEngine    : Starting Servlet engine: [Apache Tomcat/10.1.43]
2025-08-26T06:25:12.164Z  INFO 1 --- [account_service] [main] o.a.c.c.C.[Tomcat].[localhost].[/]       : Initializing Spring embedded WebApplicationContext
2025-08-26T06:25:12.215Z  INFO 1 --- [account_service] [main] w.s.c.ServletWebServerApplicationContext : Root WebApplicationContext: initialization completed in 74692 ms
2025-08-26T06:25:26.746Z  INFO 1 --- [account_service] [main] com.zaxxer.hikari.HikariDataSource       : HikariPool-1 - Starting...
2025-08-26T06:25:30.459Z  INFO 1 --- [account_service] [main] com.zaxxer.hikari.pool.HikariPool        : HikariPool-1 - Added connection com.mysql.cj.jdbc.ConnectionImpl@6408be5
2025-08-26T06:25:30.512Z  INFO 1 --- [account_service] [main] com.zaxxer.hikari.HikariDataSource       : HikariPool-1 - Start completed.
2025-08-26T06:25:31.620Z  INFO 1 --- [account_service] [main] o.hibernate.jpa.internal.util.LogHelper  : HHH000204: Processing PersistenceUnitInfo [name: default]
2025-08-26T06:25:33.615Z  INFO 1 --- [account_service] [main] org.hibernate.Version                    : HHH000412: Hibernate ORM core version 6.6.22.Final
2025-08-26T06:25:34.760Z  INFO 1 --- [account_service] [main] o.h.c.internal.RegionFactoryInitiator    : HHH000026: Second-level cache disabled
2025-08-26T06:25:43.079Z  INFO 1 --- [account_service] [main] o.s.o.j.p.SpringPersistenceUnitInfo      : No LoadTimeWeaver setup: ignoring JPA class transformer
2025-08-26T06:25:46.239Z  INFO 1 --- [account_service] [main] org.hibernate.orm.connections.pooling    : HHH10001005: Database info:
	Database JDBC URL [Connecting through datasource 'HikariDataSource (HikariPool-1)']
	Database driver: undefined/unknown
	Database version: 8.0.30
	Autocommit mode: undefined/unknown
	Isolation level: undefined/unknown
	Minimum pool size: undefined/unknown
	Maximum pool size: undefined/unknown
2025-08-26T06:26:01.695Z  INFO 1 --- [account_service] [main] o.h.e.t.j.p.i.JtaPlatformInitiator       : HHH000489: No JTA platform available (set 'hibernate.transaction.jta.platform' to enable JTA platform integration)
2025-08-26T06:26:01.784Z  INFO 1 --- [account_service] [main] j.LocalContainerEntityManagerFactoryBean : Initialized JPA EntityManagerFactory for persistence unit 'default'
2025-08-26T06:26:05.164Z  WARN 1 --- [account_service] [main] JpaBaseConfiguration$JpaWebConfiguration : spring.jpa.open-in-view is enabled by default. Therefore, database queries may be performed during view rendering. Explicitly configure spring.jpa.open-in-view to disable this warning
2025-08-26T06:26:15.064Z  INFO 1 --- [account_service] [main] DiscoveryClientOptionalArgsConfiguration : Eureka HTTP Client uses RestTemplate.
2025-08-26T06:26:15.944Z  WARN 1 --- [account_service] [main] iguration$LoadBalancerCaffeineWarnLogger : Spring Cloud LoadBalancer is currently working with the default cache. While this cache implementation is useful for development and tests, it's recommended to use Caffeine cache in production.You can switch to using Caffeine cache, by adding it and org.springframework.cache.caffeine.CaffeineCacheManager to the classpath.
2025-08-26T06:26:16.100Z  INFO 1 --- [account_service] [main] o.s.b.a.e.web.EndpointLinksResolver      : Exposing 1 endpoint beneath base path '/actuator'
2025-08-26T06:26:17.492Z  INFO 1 --- [account_service] [main] o.s.c.n.eureka.InstanceInfoFactory       : Setting initial instance status as: STARTING
2025-08-26T06:26:18.113Z  INFO 1 --- [account_service] [main] com.netflix.discovery.DiscoveryClient    : Initializing Eureka in region us-east-1
2025-08-26T06:26:18.205Z  INFO 1 --- [account_service] [main] c.n.d.s.r.aws.ConfigClusterResolver      : Resolving eureka endpoints via configuration
2025-08-26T06:26:18.465Z  INFO 1 --- [account_service] [main] com.netflix.discovery.DiscoveryClient    : Disable delta property : false
2025-08-26T06:26:18.472Z  INFO 1 --- [account_service] [main] com.netflix.discovery.DiscoveryClient    : Single vip registry refresh property : null
2025-08-26T06:26:18.509Z  INFO 1 --- [account_service] [main] com.netflix.discovery.DiscoveryClient    : Force full registry fetch : false
2025-08-26T06:26:18.515Z  INFO 1 --- [account_service] [main] com.netflix.discovery.DiscoveryClient    : Application is null : false
2025-08-26T06:26:18.528Z  INFO 1 --- [account_service] [main] com.netflix.discovery.DiscoveryClient    : Registered Applications size is zero : true
2025-08-26T06:26:18.532Z  INFO 1 --- [account_service] [main] com.netflix.discovery.DiscoveryClient    : Application version is -1: true
2025-08-26T06:26:18.556Z  INFO 1 --- [account_service] [main] com.netflix.discovery.DiscoveryClient    : Getting all instance registry info from the eureka server
2025-08-26T06:26:28.065Z  INFO 1 --- [account_service] [main] com.netflix.discovery.DiscoveryClient    : The response status is 200
2025-08-26T06:26:28.121Z  INFO 1 --- [account_service] [main] com.netflix.discovery.DiscoveryClient    : Starting heartbeat executor: renew interval is: 30
2025-08-26T06:26:28.176Z  INFO 1 --- [account_service] [main] c.n.discovery.InstanceInfoReplicator     : InstanceInfoReplicator onDemand update allowed rate per min is 4
2025-08-26T06:26:28.222Z  INFO 1 --- [account_service] [main] com.netflix.discovery.DiscoveryClient    : Discovery Client initialized at timestamp 1756189588210 with initial instances count: 6
2025-08-26T06:26:28.364Z  INFO 1 --- [account_service] [main] o.s.c.n.e.s.EurekaServiceRegistry        : Registering application ACCOUNT_SERVICE with eureka with status UP
2025-08-26T06:26:28.400Z  INFO 1 --- [account_service] [main] com.netflix.discovery.DiscoveryClient    : Saw local status change event StatusChangeEvent [timestamp=1756189588399, current=UP, previous=STARTING]
2025-08-26T06:26:28.457Z  INFO 1 --- [account_service] [DiscoveryClient-InstanceInfoReplicator-%d] com.netflix.discovery.DiscoveryClient    : DiscoveryClient_ACCOUNT_SERVICE/9f84559dd64e:account_service:8081: registering service...
2025-08-26T06:26:28.786Z  INFO 1 --- [account_service] [main] o.s.b.w.embedded.tomcat.TomcatWebServer  : Tomcat started on port 8081 (http) with context path '/'
2025-08-26T06:26:28.803Z  INFO 1 --- [account_service] [main] .s.c.n.e.s.EurekaAutoServiceRegistration : Updating port to 8081
2025-08-26T06:26:29.372Z  INFO 1 --- [account_service] [DiscoveryClient-InstanceInfoReplicator-%d] com.netflix.discovery.DiscoveryClient    : DiscoveryClient_ACCOUNT_SERVICE/9f84559dd64e:account_service:8081 - registration status: 204
2025-08-26T06:26:29.536Z  INFO 1 --- [account_service] [main] v.d.a.AccountServiceApplication          : Started AccountServiceApplication in 243.392 seconds (process running for 272.639)
2025-08-26T06:26:30.423Z  INFO 1 --- [account_service] [http-nio-8081-exec-1] o.a.c.c.C.[Tomcat].[localhost].[/]       : Initializing Spring DispatcherServlet 'dispatcherServlet'
2025-08-26T06:26:30.430Z  INFO 1 --- [account_service] [http-nio-8081-exec-1] o.s.web.servlet.DispatcherServlet        : Initializing Servlet 'dispatcherServlet'
2025-08-26T06:26:30.481Z  INFO 1 --- [account_service] [http-nio-8081-exec-1] o.s.web.servlet.DispatcherServlet        : Completed initialization in 43 ms
2025-08-26T06:31:46.020Z  INFO 1 --- [account_service] [AsyncResolver-bootstrap-executor-%d] c.n.d.s.r.aws.ConfigClusterResolver      : Resolving eureka endpoints via configuration
2025-08-26T06:31:54.638Z  INFO 1 --- [account_service] [http-nio-8081-exec-1] v.d.a.controller.AccountController       : Fetching list of accounts
2025-08-26T06:37:13.412Z  INFO 1 --- [account_service] [AsyncResolver-bootstrap-executor-%d] c.n.d.s.r.aws.ConfigClusterResolver      : Resolving eureka endpoints via configuration
2025-08-26T06:42:41.000Z  INFO 1 --- [account_service] [AsyncResolver-bootstrap-executor-%d] c.n.d.s.r.aws.ConfigClusterResolver      : Resolving eureka endpoints via configuration
2025-08-26T06:48:08.574Z  INFO 1 --- [account_service] [AsyncResolver-bootstrap-executor-%d] c.n.d.s.r.aws.ConfigClusterResolver      : Resolving eureka endpoints via configuration
2025-08-26T06:50:26.975Z  INFO 1 --- [account_service] [http-nio-8081-exec-7] v.d.a.controller.AccountController       : Fetching list of accounts
2025-08-26T06:53:35.936Z  INFO 1 --- [account_service] [AsyncResolver-bootstrap-executor-%d] c.n.d.s.r.aws.ConfigClusterResolver      : Resolving eureka endpoints via configuration
2025-08-26T06:59:03.354Z  INFO 1 --- [account_service] [AsyncResolver-bootstrap-executor-%d] c.n.d.s.r.aws.ConfigClusterResolver      : Resolving eureka endpoints via configuration
2025-08-26T07:03:22.105Z  INFO 1 --- [account_service] [http-nio-8081-exec-6] v.d.a.controller.AccountController       : Fetching list of accounts
2025-08-26T07:04:30.754Z  INFO 1 --- [account_service] [AsyncResolver-bootstrap-executor-%d] c.n.d.s.r.aws.ConfigClusterResolver      : Resolving eureka endpoints via configuration
2025-08-26T07:09:59.377Z  INFO 1 --- [account_service] [AsyncResolver-bootstrap-executor-%d] c.n.d.s.r.aws.ConfigClusterResolver      : Resolving eureka endpoints via configuration
2025-08-26T07:10:59.256Z  INFO 1 --- [account_service] [http-nio-8081-exec-7] v.d.a.controller.AccountController       : Fetching list of accounts
2025-08-26T07:11:40.881Z  INFO 1 --- [account_service] [http-nio-8081-exec-4] v.d.a.controller.AccountController       : Fetching list of accounts
2025-08-26T07:15:26.847Z  INFO 1 --- [account_service] [AsyncResolver-bootstrap-executor-%d] c.n.d.s.r.aws.ConfigClusterResolver      : Resolving eureka endpoints via configuration
2025-08-26T07:20:54.288Z  INFO 1 --- [account_service] [AsyncResolver-bootstrap-executor-%d] c.n.d.s.r.aws.ConfigClusterResolver      : Resolving eureka endpoints via configuration
